This is pdfTeX, Version 3.1415926-2.5-1.40.14 (TeX Live 2013/Debian) (format=pdflatex 2016.5.17)  25 AUG 2016 17:56
entering extended mode
 restricted \write18 enabled.
 %&-line parsing enabled.
**MemoriaPractica2.tex
(./MemoriaPractica2.tex
LaTeX2e <2011/06/27>
Babel <3.9h> and hyphenation patterns for 78 languages loaded.
(./preambuloSimple.tex
(/usr/share/texlive/texmf-dist/tex/latex/koma-script/scrartcl.cls
Document Class: scrartcl 2013/12/19 v3.12 KOMA-Script document class (article)
(/usr/share/texlive/texmf-dist/tex/latex/koma-script/scrkbase.sty
Package: scrkbase 2013/12/19 v3.12 KOMA-Script package (KOMA-Script-dependent b
asics and keyval usage)

(/usr/share/texlive/texmf-dist/tex/latex/koma-script/scrbase.sty
Package: scrbase 2013/12/19 v3.12 KOMA-Script package (KOMA-Script-independent 
basics and keyval usage)

(/usr/share/texlive/texmf-dist/tex/latex/graphics/keyval.sty
Package: keyval 1999/03/16 v1.13 key=value parser (DPC)
\KV@toks@=\toks14
)
(/usr/share/texlive/texmf-dist/tex/latex/koma-script/scrlfile.sty
Package: scrlfile 2013/12/19 v3.12 KOMA-Script package (loading files)

Package scrlfile, 2013/12/19 v3.12 KOMA-Script package (loading files)
                  Copyright (C) Markus Kohm

))) (/usr/share/texlive/texmf-dist/tex/latex/koma-script/tocbasic.sty
Package: tocbasic 2013/12/19 v3.12 KOMA-Script package (handling toc-files)
)
Package tocbasic Info: omitting babel extension for `toc'
(tocbasic)             because of feature `nobabel' available
(tocbasic)             for `toc' on input line 115.
Package tocbasic Info: omitting babel extension for `lof'
(tocbasic)             because of feature `nobabel' available
(tocbasic)             for `lof' on input line 116.
Package tocbasic Info: omitting babel extension for `lot'
(tocbasic)             because of feature `nobabel' available
(tocbasic)             for `lot' on input line 117.
Class scrartcl Info: File `scrsize11pt.clo' used to setup font sizes on input l
ine 1531.

(/usr/share/texlive/texmf-dist/tex/latex/koma-script/scrsize11pt.clo
File: scrsize11pt.clo 2013/12/19 v3.12 KOMA-Script font size class option (11pt
)
)
(/usr/share/texlive/texmf-dist/tex/latex/koma-script/typearea.sty
Package: typearea 2013/12/19 v3.12 KOMA-Script package (type area)

Package typearea, 2013/12/19 v3.12 KOMA-Script package (type area)
                  Copyright (C) Frank Neukam, 1992-1994
                  Copyright (C) Markus Kohm, 1994-

\ta@bcor=\skip41
\ta@div=\count79
\ta@hblk=\skip42
\ta@vblk=\skip43
\ta@temp=\skip44
\footheight=\skip45
Package typearea Info: These are the values describing the layout:
(typearea)             DIV  = 10
(typearea)             BCOR = 0.0pt
(typearea)             \paperwidth      = 597.50793pt
(typearea)              \textwidth      = 418.25555pt
(typearea)              DIV departure   = -6%
(typearea)              \evensidemargin = 17.3562pt
(typearea)              \oddsidemargin  = 17.3562pt
(typearea)             \paperheight     = 845.04694pt
(typearea)              \textheight     = 595.80026pt
(typearea)              \topmargin      = -25.16531pt
(typearea)              \headheight     = 17.0pt
(typearea)              \headsep        = 20.40001pt
(typearea)              \topskip        = 11.0pt
(typearea)              \footskip       = 47.6pt
(typearea)              \baselineskip   = 13.6pt
(typearea)              on input line 1330.
)
\c@part=\count80
\c@section=\count81
\c@subsection=\count82
\c@subsubsection=\count83
\c@paragraph=\count84
\c@subparagraph=\count85
\abovecaptionskip=\skip46
\belowcaptionskip=\skip47
\c@pti@nb@sid@b@x=\box26
\c@figure=\count86
\c@table=\count87
\bibindent=\dimen102
) (/usr/share/texlive/texmf-dist/tex/latex/base/fontenc.sty
Package: fontenc 2005/09/27 v1.99g Standard LaTeX package

(/usr/share/texlive/texmf-dist/tex/latex/base/t1enc.def
File: t1enc.def 2005/09/27 v1.99g Standard LaTeX file
LaTeX Font Info:    Redeclaring font encoding T1 on input line 43.
))
(/usr/share/texlive/texmf-dist/tex/latex/base/inputenc.sty
Package: inputenc 2008/03/30 v1.1d Input encoding file
\inpenc@prehook=\toks15
\inpenc@posthook=\toks16

(/usr/share/texlive/texmf-dist/tex/latex/base/utf8.def
File: utf8.def 2008/04/05 v1.1m UTF-8 support for inputenc
Now handling font encoding OML ...
... no UTF-8 mapping file for font encoding OML
Now handling font encoding T1 ...
... processing UTF-8 mapping file for font encoding T1

(/usr/share/texlive/texmf-dist/tex/latex/base/t1enc.dfu
File: t1enc.dfu 2008/04/05 v1.1m UTF-8 support for inputenc
   defining Unicode char U+00A1 (decimal 161)
   defining Unicode char U+00A3 (decimal 163)
   defining Unicode char U+00AB (decimal 171)
   defining Unicode char U+00BB (decimal 187)
   defining Unicode char U+00BF (decimal 191)
   defining Unicode char U+00C0 (decimal 192)
   defining Unicode char U+00C1 (decimal 193)
   defining Unicode char U+00C2 (decimal 194)
   defining Unicode char U+00C3 (decimal 195)
   defining Unicode char U+00C4 (decimal 196)
   defining Unicode char U+00C5 (decimal 197)
   defining Unicode char U+00C6 (decimal 198)
   defining Unicode char U+00C7 (decimal 199)
   defining Unicode char U+00C8 (decimal 200)
   defining Unicode char U+00C9 (decimal 201)
   defining Unicode char U+00CA (decimal 202)
   defining Unicode char U+00CB (decimal 203)
   defining Unicode char U+00CC (decimal 204)
   defining Unicode char U+00CD (decimal 205)
   defining Unicode char U+00CE (decimal 206)
   defining Unicode char U+00CF (decimal 207)
   defining Unicode char U+00D0 (decimal 208)
   defining Unicode char U+00D1 (decimal 209)
   defining Unicode char U+00D2 (decimal 210)
   defining Unicode char U+00D3 (decimal 211)
   defining Unicode char U+00D4 (decimal 212)
   defining Unicode char U+00D5 (decimal 213)
   defining Unicode char U+00D6 (decimal 214)
   defining Unicode char U+00D8 (decimal 216)
   defining Unicode char U+00D9 (decimal 217)
   defining Unicode char U+00DA (decimal 218)
   defining Unicode char U+00DB (decimal 219)
   defining Unicode char U+00DC (decimal 220)
   defining Unicode char U+00DD (decimal 221)
   defining Unicode char U+00DE (decimal 222)
   defining Unicode char U+00DF (decimal 223)
   defining Unicode char U+00E0 (decimal 224)
   defining Unicode char U+00E1 (decimal 225)
   defining Unicode char U+00E2 (decimal 226)
   defining Unicode char U+00E3 (decimal 227)
   defining Unicode char U+00E4 (decimal 228)
   defining Unicode char U+00E5 (decimal 229)
   defining Unicode char U+00E6 (decimal 230)
   defining Unicode char U+00E7 (decimal 231)
   defining Unicode char U+00E8 (decimal 232)
   defining Unicode char U+00E9 (decimal 233)
   defining Unicode char U+00EA (decimal 234)
   defining Unicode char U+00EB (decimal 235)
   defining Unicode char U+00EC (decimal 236)
   defining Unicode char U+00ED (decimal 237)
   defining Unicode char U+00EE (decimal 238)
   defining Unicode char U+00EF (decimal 239)
   defining Unicode char U+00F0 (decimal 240)
   defining Unicode char U+00F1 (decimal 241)
   defining Unicode char U+00F2 (decimal 242)
   defining Unicode char U+00F3 (decimal 243)
   defining Unicode char U+00F4 (decimal 244)
   defining Unicode char U+00F5 (decimal 245)
   defining Unicode char U+00F6 (decimal 246)
   defining Unicode char U+00F8 (decimal 248)
   defining Unicode char U+00F9 (decimal 249)
   defining Unicode char U+00FA (decimal 250)
   defining Unicode char U+00FB (decimal 251)
   defining Unicode char U+00FC (decimal 252)
   defining Unicode char U+00FD (decimal 253)
   defining Unicode char U+00FE (decimal 254)
   defining Unicode char U+00FF (decimal 255)
   defining Unicode char U+0102 (decimal 258)
   defining Unicode char U+0103 (decimal 259)
   defining Unicode char U+0104 (decimal 260)
   defining Unicode char U+0105 (decimal 261)
   defining Unicode char U+0106 (decimal 262)
   defining Unicode char U+0107 (decimal 263)
   defining Unicode char U+010C (decimal 268)
   defining Unicode char U+010D (decimal 269)
   defining Unicode char U+010E (decimal 270)
   defining Unicode char U+010F (decimal 271)
   defining Unicode char U+0110 (decimal 272)
   defining Unicode char U+0111 (decimal 273)
   defining Unicode char U+0118 (decimal 280)
   defining Unicode char U+0119 (decimal 281)
   defining Unicode char U+011A (decimal 282)
   defining Unicode char U+011B (decimal 283)
   defining Unicode char U+011E (decimal 286)
   defining Unicode char U+011F (decimal 287)
   defining Unicode char U+0130 (decimal 304)
   defining Unicode char U+0131 (decimal 305)
   defining Unicode char U+0132 (decimal 306)
   defining Unicode char U+0133 (decimal 307)
   defining Unicode char U+0139 (decimal 313)
   defining Unicode char U+013A (decimal 314)
   defining Unicode char U+013D (decimal 317)
   defining Unicode char U+013E (decimal 318)
   defining Unicode char U+0141 (decimal 321)
   defining Unicode char U+0142 (decimal 322)
   defining Unicode char U+0143 (decimal 323)
   defining Unicode char U+0144 (decimal 324)
   defining Unicode char U+0147 (decimal 327)
   defining Unicode char U+0148 (decimal 328)
   defining Unicode char U+014A (decimal 330)
   defining Unicode char U+014B (decimal 331)
   defining Unicode char U+0150 (decimal 336)
   defining Unicode char U+0151 (decimal 337)
   defining Unicode char U+0152 (decimal 338)
   defining Unicode char U+0153 (decimal 339)
   defining Unicode char U+0154 (decimal 340)
   defining Unicode char U+0155 (decimal 341)
   defining Unicode char U+0158 (decimal 344)
   defining Unicode char U+0159 (decimal 345)
   defining Unicode char U+015A (decimal 346)
   defining Unicode char U+015B (decimal 347)
   defining Unicode char U+015E (decimal 350)
   defining Unicode char U+015F (decimal 351)
   defining Unicode char U+0160 (decimal 352)
   defining Unicode char U+0161 (decimal 353)
   defining Unicode char U+0162 (decimal 354)
   defining Unicode char U+0163 (decimal 355)
   defining Unicode char U+0164 (decimal 356)
   defining Unicode char U+0165 (decimal 357)
   defining Unicode char U+016E (decimal 366)
   defining Unicode char U+016F (decimal 367)
   defining Unicode char U+0170 (decimal 368)
   defining Unicode char U+0171 (decimal 369)
   defining Unicode char U+0178 (decimal 376)
   defining Unicode char U+0179 (decimal 377)
   defining Unicode char U+017A (decimal 378)
   defining Unicode char U+017B (decimal 379)
   defining Unicode char U+017C (decimal 380)
   defining Unicode char U+017D (decimal 381)
   defining Unicode char U+017E (decimal 382)
   defining Unicode char U+200C (decimal 8204)
   defining Unicode char U+2013 (decimal 8211)
   defining Unicode char U+2014 (decimal 8212)
   defining Unicode char U+2018 (decimal 8216)
   defining Unicode char U+2019 (decimal 8217)
   defining Unicode char U+201A (decimal 8218)
   defining Unicode char U+201C (decimal 8220)
   defining Unicode char U+201D (decimal 8221)
   defining Unicode char U+201E (decimal 8222)
   defining Unicode char U+2030 (decimal 8240)
   defining Unicode char U+2031 (decimal 8241)
   defining Unicode char U+2039 (decimal 8249)
   defining Unicode char U+203A (decimal 8250)
   defining Unicode char U+2423 (decimal 9251)
)
Now handling font encoding OT1 ...
... processing UTF-8 mapping file for font encoding OT1

(/usr/share/texlive/texmf-dist/tex/latex/base/ot1enc.dfu
File: ot1enc.dfu 2008/04/05 v1.1m UTF-8 support for inputenc
   defining Unicode char U+00A1 (decimal 161)
   defining Unicode char U+00A3 (decimal 163)
   defining Unicode char U+00B8 (decimal 184)
   defining Unicode char U+00BF (decimal 191)
   defining Unicode char U+00C5 (decimal 197)
   defining Unicode char U+00C6 (decimal 198)
   defining Unicode char U+00D8 (decimal 216)
   defining Unicode char U+00DF (decimal 223)
   defining Unicode char U+00E6 (decimal 230)
   defining Unicode char U+00EC (decimal 236)
   defining Unicode char U+00ED (decimal 237)
   defining Unicode char U+00EE (decimal 238)
   defining Unicode char U+00EF (decimal 239)
   defining Unicode char U+00F8 (decimal 248)
   defining Unicode char U+0131 (decimal 305)
   defining Unicode char U+0141 (decimal 321)
   defining Unicode char U+0142 (decimal 322)
   defining Unicode char U+0152 (decimal 338)
   defining Unicode char U+0153 (decimal 339)
   defining Unicode char U+2013 (decimal 8211)
   defining Unicode char U+2014 (decimal 8212)
   defining Unicode char U+2018 (decimal 8216)
   defining Unicode char U+2019 (decimal 8217)
   defining Unicode char U+201C (decimal 8220)
   defining Unicode char U+201D (decimal 8221)
)
Now handling font encoding OMS ...
... processing UTF-8 mapping file for font encoding OMS

(/usr/share/texlive/texmf-dist/tex/latex/base/omsenc.dfu
File: omsenc.dfu 2008/04/05 v1.1m UTF-8 support for inputenc
   defining Unicode char U+00A7 (decimal 167)
   defining Unicode char U+00B6 (decimal 182)
   defining Unicode char U+00B7 (decimal 183)
   defining Unicode char U+2020 (decimal 8224)
   defining Unicode char U+2021 (decimal 8225)
   defining Unicode char U+2022 (decimal 8226)
)
Now handling font encoding OMX ...
... no UTF-8 mapping file for font encoding OMX
Now handling font encoding U ...
... no UTF-8 mapping file for font encoding U
   defining Unicode char U+00A9 (decimal 169)
   defining Unicode char U+00AA (decimal 170)
   defining Unicode char U+00AE (decimal 174)
   defining Unicode char U+00BA (decimal 186)
   defining Unicode char U+02C6 (decimal 710)
   defining Unicode char U+02DC (decimal 732)
   defining Unicode char U+200C (decimal 8204)
   defining Unicode char U+2026 (decimal 8230)
   defining Unicode char U+2122 (decimal 8482)
   defining Unicode char U+2423 (decimal 9251)
))
(/usr/share/texlive/texmf-dist/tex/generic/babel/babel.sty
Package: babel 2013/12/03 3.9h The Babel package

(/usr/share/texlive/texmf-dist/tex/generic/babel-spanish/spanish.ldf
Language: spanish.ldf 2014/01/29 v5.0m Spanish support from the babel system

(/usr/share/texlive/texmf-dist/tex/generic/babel/babel.def
File: babel.def 2013/12/03 3.9h Babel common definitions
\babel@savecnt=\count88
\U@D=\dimen103
)
\es@datefmt=\count89
\es@quottoks=\toks17
\es@quotdepth=\count90
Package babel Info: Making " an active character on input line 496.
Package babel Info: Making . an active character on input line 599.
Package babel Info: Making < an active character on input line 644.
Package babel Info: Making > an active character on input line 644.
))
(/usr/share/texlive/texmf-dist/tex/latex/amsmath/amsmath.sty
Package: amsmath 2013/01/14 v2.14 AMS math features
\@mathmargin=\skip48

For additional information on amsmath, use the `?' option.
(/usr/share/texlive/texmf-dist/tex/latex/amsmath/amstext.sty
Package: amstext 2000/06/29 v2.01

(/usr/share/texlive/texmf-dist/tex/latex/amsmath/amsgen.sty
File: amsgen.sty 1999/11/30 v2.0
\@emptytoks=\toks18
\ex@=\dimen104
))
(/usr/share/texlive/texmf-dist/tex/latex/amsmath/amsbsy.sty
Package: amsbsy 1999/11/29 v1.2d
\pmbraise@=\dimen105
)
(/usr/share/texlive/texmf-dist/tex/latex/amsmath/amsopn.sty
Package: amsopn 1999/12/14 v2.01 operator names
)
\inf@bad=\count91
LaTeX Info: Redefining \frac on input line 210.
\uproot@=\count92
\leftroot@=\count93
LaTeX Info: Redefining \overline on input line 306.
\classnum@=\count94
\DOTSCASE@=\count95
LaTeX Info: Redefining \ldots on input line 378.
LaTeX Info: Redefining \dots on input line 381.
LaTeX Info: Redefining \cdots on input line 466.
\Mathstrutbox@=\box27
\strutbox@=\box28
\big@size=\dimen106
LaTeX Font Info:    Redeclaring font encoding OML on input line 566.
LaTeX Font Info:    Redeclaring font encoding OMS on input line 567.
\macc@depth=\count96
\c@MaxMatrixCols=\count97
\dotsspace@=\muskip10
\c@parentequation=\count98
\dspbrk@lvl=\count99
\tag@help=\toks19
\row@=\count100
\column@=\count101
\maxfields@=\count102
\andhelp@=\toks20
\eqnshift@=\dimen107
\alignsep@=\dimen108
\tagshift@=\dimen109
\tagwidth@=\dimen110
\totwidth@=\dimen111
\lineht@=\dimen112
\@envbody=\toks21
\multlinegap=\skip49
\multlinetaggap=\skip50
\mathdisplay@stack=\toks22
LaTeX Info: Redefining \[ on input line 2665.
LaTeX Info: Redefining \] on input line 2666.
)
(/usr/share/texlive/texmf-dist/tex/latex/amsfonts/amsfonts.sty
Package: amsfonts 2013/01/14 v3.01 Basic AMSFonts support
\symAMSa=\mathgroup4
\symAMSb=\mathgroup5
LaTeX Font Info:    Overwriting math alphabet `\mathfrak' in version `bold'
(Font)                  U/euf/m/n --> U/euf/b/n on input line 106.
)
(/usr/share/texlive/texmf-dist/tex/latex/amscls/amsthm.sty
Package: amsthm 2004/08/06 v2.20
\thm@style=\toks23
\thm@bodyfont=\toks24
\thm@headfont=\toks25
\thm@notefont=\toks26
\thm@headpunct=\toks27
\thm@preskip=\skip51
\thm@postskip=\skip52
\thm@headsep=\skip53
\dth@everypar=\toks28
)
(/usr/share/texlive/texmf-dist/tex/latex/graphics/graphics.sty
Package: graphics 2009/02/05 v1.0o Standard LaTeX Graphics (DPC,SPQR)

(/usr/share/texlive/texmf-dist/tex/latex/graphics/trig.sty
Package: trig 1999/03/16 v1.09 sin cos tan (DPC)
)
(/usr/share/texlive/texmf-dist/tex/latex/latexconfig/graphics.cfg
File: graphics.cfg 2010/04/23 v1.9 graphics configuration of TeX Live
)
Package graphics Info: Driver file: pdftex.def on input line 91.

(/usr/share/texlive/texmf-dist/tex/latex/pdftex-def/pdftex.def
File: pdftex.def 2011/05/27 v0.06d Graphics/color for pdfTeX

(/usr/share/texlive/texmf-dist/tex/generic/oberdiek/infwarerr.sty
Package: infwarerr 2010/04/08 v1.3 Providing info/warning/error messages (HO)
)
(/usr/share/texlive/texmf-dist/tex/generic/oberdiek/ltxcmds.sty
Package: ltxcmds 2011/11/09 v1.22 LaTeX kernel commands for general use (HO)
)
\Gread@gobject=\count103
))
(/usr/share/texlive/texmf-dist/tex/latex/graphics/graphicx.sty
Package: graphicx 1999/02/16 v1.0f Enhanced LaTeX Graphics (DPC,SPQR)
\Gin@req@height=\dimen113
\Gin@req@width=\dimen114
)
(/usr/share/texlive/texmf-dist/tex/latex/float/float.sty
Package: float 2001/11/08 v1.3d Float enhancements (AL)
\c@float@type=\count104
\float@exts=\toks29
\float@box=\box29
\@float@everytoks=\toks30
\@floatcapt=\box30
)
(/usr/share/texlive/texmf-dist/tex/latex/url/url.sty
\Urlmuskip=\muskip11
Package: url 2013/09/16  ver 3.4  Verb mode for urls, etc.
)

Class scrartcl Warning: Usage of package `fancyhdr' together
(scrartcl)              with a KOMA-Script class is not recommended.
(scrartcl)              I'd suggest to use 
(scrartcl)              package `scrpage2' or `scrlayer-scrpage'.
(scrartcl)              Nevertheless, using requested
(scrartcl)              package `fancyhdr' on input line 40.

(/usr/share/texlive/texmf-dist/tex/latex/fancyhdr/fancyhdr.sty
\fancy@headwidth=\skip54
\f@ncyO@elh=\skip55
\f@ncyO@erh=\skip56
\f@ncyO@olh=\skip57
\f@ncyO@orh=\skip58
\f@ncyO@elf=\skip59
\f@ncyO@erf=\skip60
\f@ncyO@olf=\skip61
\f@ncyO@orf=\skip62
))
(./MemoriaPractica2.aux
LaTeX Info: Redefining \. on input line 6.
LaTeX Info: Redefining \% on input line 6.
)
\openout1 = `MemoriaPractica2.aux'.

LaTeX Font Info:    Checking defaults for OML/cmm/m/it on input line 15.
LaTeX Font Info:    ... okay on input line 15.
LaTeX Font Info:    Checking defaults for T1/cmr/m/n on input line 15.
LaTeX Font Info:    ... okay on input line 15.
LaTeX Font Info:    Checking defaults for OT1/cmr/m/n on input line 15.
LaTeX Font Info:    ... okay on input line 15.
LaTeX Font Info:    Checking defaults for OMS/cmsy/m/n on input line 15.
LaTeX Font Info:    ... okay on input line 15.
LaTeX Font Info:    Checking defaults for OMX/cmex/m/n on input line 15.
LaTeX Font Info:    ... okay on input line 15.
LaTeX Font Info:    Checking defaults for U/cmr/m/n on input line 15.
LaTeX Font Info:    ... okay on input line 15.
LaTeX Info: Redefining \. on input line 15.
LaTeX Info: Redefining \% on input line 15.

(/usr/share/texlive/texmf-dist/tex/context/base/supp-pdf.mkii
[Loading MPS to PDF converter (version 2006.09.02).]
\scratchcounter=\count105
\scratchdimen=\dimen115
\scratchbox=\box31
\nofMPsegments=\count106
\nofMParguments=\count107
\everyMPshowfont=\toks31
\MPscratchCnt=\count108
\MPscratchDim=\dimen116
\MPnumerator=\count109
\makeMPintoPDFobject=\count110
\everyMPtoPDFconversion=\toks32
) (/usr/share/texlive/texmf-dist/tex/generic/oberdiek/pdftexcmds.sty
Package: pdftexcmds 2011/11/29 v0.20 Utility functions of pdfTeX for LuaTeX (HO
)

(/usr/share/texlive/texmf-dist/tex/generic/oberdiek/ifluatex.sty
Package: ifluatex 2010/03/01 v1.3 Provides the ifluatex switch (HO)
Package ifluatex Info: LuaTeX not detected.
)
(/usr/share/texlive/texmf-dist/tex/generic/oberdiek/ifpdf.sty
Package: ifpdf 2011/01/30 v2.3 Provides the ifpdf switch (HO)
Package ifpdf Info: pdfTeX in PDF mode is detected.
)
Package pdftexcmds Info: LuaTeX not detected.
Package pdftexcmds Info: \pdf@primitive is available.
Package pdftexcmds Info: \pdf@ifprimitive is available.
Package pdftexcmds Info: \pdfdraftmode found.
)
(/usr/share/texlive/texmf-dist/tex/latex/oberdiek/epstopdf-base.sty
Package: epstopdf-base 2010/02/09 v2.5 Base part for package epstopdf

(/usr/share/texlive/texmf-dist/tex/latex/oberdiek/grfext.sty
Package: grfext 2010/08/19 v1.1 Manage graphics extensions (HO)

(/usr/share/texlive/texmf-dist/tex/generic/oberdiek/kvdefinekeys.sty
Package: kvdefinekeys 2011/04/07 v1.3 Define keys (HO)
))
(/usr/share/texlive/texmf-dist/tex/latex/oberdiek/kvoptions.sty
Package: kvoptions 2011/06/30 v3.11 Key value format for package options (HO)

(/usr/share/texlive/texmf-dist/tex/generic/oberdiek/kvsetkeys.sty
Package: kvsetkeys 2012/04/25 v1.16 Key value parser (HO)

(/usr/share/texlive/texmf-dist/tex/generic/oberdiek/etexcmds.sty
Package: etexcmds 2011/02/16 v1.5 Avoid name clashes with e-TeX commands (HO)
Package etexcmds Info: Could not find \expanded.
(etexcmds)             That can mean that you are not using pdfTeX 1.50 or
(etexcmds)             that some package has redefined \expanded.
(etexcmds)             In the latter case, load this package earlier.
)))
Package grfext Info: Graphics extension search list:
(grfext)             [.png,.pdf,.jpg,.mps,.jpeg,.jbig2,.jb2,.PNG,.PDF,.JPG,.JPE
G,.JBIG2,.JB2,.eps]
(grfext)             \AppendGraphicsExtensions on input line 452.

(/usr/share/texlive/texmf-dist/tex/latex/latexconfig/epstopdf-sys.cfg
File: epstopdf-sys.cfg 2010/07/13 v1.3 Configuration of (r)epstopdf for TeX Liv
e
))
LaTeX Font Info:    Try loading font information for T1+cmss on input line 18.

(/usr/share/texlive/texmf-dist/tex/latex/base/t1cmss.fd
File: t1cmss.fd 1999/05/25 v2.5h Standard LaTeX font definitions
)

Class scrartcl Warning: Usage of deprecated font command `\bf'!
(scrartcl)              You should note, that in 1994 font command `\bf' has
(scrartcl)              been defined for compatiblitiy to Script 2.0 only.
(scrartcl)              Now, after two decades of LaTeX2e and NFSS2, you
(scrartcl)              shouldn't use such commands any longer and within
(scrartcl)              KOMA-Script usage of `\bf' is definitely deprecated.
(scrartcl)              See `fntguide.pdf' for more information about
(scrartcl)              recommended font commands.
(scrartcl)              Note also, that KOMA-Script will remove the definition
(scrartcl)              of `\bf' anytime until release of about version 3.20.
(scrartcl)              But for now, KOMA-Script will replace deprecated `\bf'
(scrartcl)              by `\normalfont \bfseries ' on input line 18.

LaTeX Font Info:    Try loading font information for U+msa on input line 18.
(/usr/share/texlive/texmf-dist/tex/latex/amsfonts/umsa.fd
File: umsa.fd 2013/01/14 v3.01 AMS symbols A
)
LaTeX Font Info:    Try loading font information for U+msb on input line 18.

(/usr/share/texlive/texmf-dist/tex/latex/amsfonts/umsb.fd
File: umsb.fd 2013/01/14 v3.01 AMS symbols B
) [1




{/var/lib/texmf/fonts/map/pdftex/updmap/pdftex.map}] (./MemoriaPractica2.toc
LaTeX Info: Redefining \. on input line 1.
LaTeX Info: Redefining \% on input line 1.
)
\tf@toc=\write3
\openout3 = `MemoriaPractica2.toc'.

 [2]
Underfull \hbox (badness 10000) in paragraph at lines 32--34

 []


Underfull \hbox (badness 10000) in paragraph at lines 35--36

 []


Underfull \hbox (badness 10000) in paragraph at lines 37--38

 []


Underfull \hbox (badness 10000) in paragraph at lines 39--40

 []

[3]
Underfull \hbox (badness 10000) in paragraph at lines 52--54

 []


Overfull \hbox (2.07397pt too wide) in paragraph at lines 55--60
\T1/cmr/m/it/10.95 URI. Uti-li-za el for-ma-to es-tán-dar http://[[usuario][:co
ntraseña]@]máquina[:puerto]/.
 []


Overfull \hbox (81.96095pt too wide) in paragraph at lines 55--60
\T1/cmr/m/it/10.95 Tam-bién se pue-de es-pe-ci-fi-car un proxy por ca-da má-qui
-na usan-do la for-ma http::Proxy::<máquina>con
 []


Underfull \hbox (badness 10000) in paragraph at lines 55--60

 []


Underfull \hbox (badness 10000) in paragraph at lines 66--67

 []

[4]
Underfull \hbox (badness 10000) in paragraph at lines 73--74

 []


Underfull \hbox (badness 10000) in paragraph at lines 75--76

 []


Underfull \hbox (badness 10000) in paragraph at lines 82--83

 []


Underfull \hbox (badness 10000) in paragraph at lines 84--85

 []

<clientessh-X.png, id=24, 1606.0pt x 879.285pt>
File: clientessh-X.png Graphic file (type png)
 <use clientessh-X.png>
Package pdftex.def Info: clientessh-X.png used on input line 90.
(pdftex.def)             Requested size: 292.7776pt x 160.2904pt.

<servidorssh-X.png, id=26, 1305.87875pt x 746.79pt>
File: servidorssh-X.png Graphic file (type png)
 <use servidorssh-X.png>
Package pdftex.def Info: servidorssh-X.png used on input line 97.
(pdftex.def)             Requested size: 292.7776pt x 167.42795pt.

[5 <./clientessh-X.png>] <Conexion-X.png, id=33, 1606.0pt x 879.285pt>
File: Conexion-X.png Graphic file (type png)

<use Conexion-X.png>
Package pdftex.def Info: Conexion-X.png used on input line 104.
(pdftex.def)             Requested size: 292.7776pt x 160.2904pt.
 <UsoGedit.png, id=34, 1606.0pt x 879.285pt>
File: UsoGedit.png Graphic file (type png)

<use UsoGedit.png>
Package pdftex.def Info: UsoGedit.png used on input line 113.
(pdftex.def)             Requested size: 292.7776pt x 160.2904pt.
 [6 <./servidorssh-X.png> <./Conexion-X.png>]
Underfull \hbox (badness 10000) in paragraph at lines 118--119

 []

<servidor-no-grafico.png, id=40, 636.3775pt x 328.22626pt>
File: servidor-no-grafico.png Graphic file (type png)

<use servidor-no-grafico.png>
Package pdftex.def Info: servidor-no-grafico.png used on input line 122.
(pdftex.def)             Requested size: 292.7776pt x 151.00594pt.

Underfull \hbox (badness 10000) in paragraph at lines 127--128

 []

<Conexion-no-grafica.png, id=41, 1606.0pt x 879.285pt>
File: Conexion-no-grafica.png Graphic file (type png)

<use Conexion-no-grafica.png>
Package pdftex.def Info: Conexion-no-grafica.png used on input line 131.
(pdftex.def)             Requested size: 292.7776pt x 160.2904pt.
 [7 <./UsoGedit.png> <./servidor-no-grafico.png>]
Underfull \hbox (badness 10000) in paragraph at lines 136--137

 []

<gedit_fail.png, id=47, 1606.0pt x 879.285pt>
File: gedit_fail.png Graphic file (type png)
 <use gedit_fail.png>
Package pdftex.def Info: gedit_fail.png used on input line 140.
(pdftex.def)             Requested size: 292.7776pt x 160.2904pt.

Underfull \hbox (badness 10000) in paragraph at lines 151--152

 []

<ssh_no_clave.png, id=48, 566.115pt x 231.86626pt>
File: ssh_no_clave.png Graphic file (type png)
 <use ssh_no_clave.png>
Package pdftex.def Info: ssh_no_clave.png used on input line 155.
(pdftex.def)             Requested size: 292.7776pt x 119.91661pt.

[8 <./Conexion-no-grafica.png> <./gedit_fail.png>]
Underfull \hbox (badness 10000) in paragraph at lines 160--161

 []

<keygen.png, id=54, 502.87875pt x 361.35pt>
File: keygen.png Graphic file (type png)
 <use keygen.png>
Package pdftex.def Info: keygen.png used on input line 164.
(pdftex.def)             Requested size: 292.7776pt x 210.37712pt.

Underfull \hbox (badness 10000) in paragraph at lines 169--170

 []

<ssh-copy-id.png, id=55, 798.985pt x 235.88126pt>
File: ssh-copy-id.png Graphic file (type png)
 <use ssh-copy-id.png>
Package pdftex.def Info: ssh-copy-id.png used on input line 175.
(pdftex.def)             Requested size: 292.7776pt x 86.43607pt.

[9 <./ssh_no_clave.png> <./keygen.png>]
<ssh_con_clave_publica.png, id=59, 548.0475pt x 233.87375pt>
File: ssh_con_clave_publica.png Graphic file (type png)

<use ssh_con_clave_publica.png>
Package pdftex.def Info: ssh_con_clave_publica.png used on input line 184.
(pdftex.def)             Requested size: 292.7776pt x 124.94098pt.

Underfull \hbox (badness 10000) in paragraph at lines 192--193

 []


Underfull \hbox (badness 10000) in paragraph at lines 196--197

 []


Underfull \hbox (badness 10000) in paragraph at lines 198--199

 []


Underfull \hbox (badness 10000) in paragraph at lines 200--201

 []

[10 <./ssh-copy-id.png> <./ssh_con_clave_publica.png>]
Underfull \hbox (badness 10000) in paragraph at lines 202--203

 []

<conexion_puerto_22222.png, id=64, 564.1075pt x 450.68375pt>
File: conexion_puerto_22222.png Graphic file (type png)

<use conexion_puerto_22222.png>
Package pdftex.def Info: conexion_puerto_22222.png used on input line 206.
(pdftex.def)             Requested size: 292.7776pt x 233.9099pt.

Underfull \hbox (badness 10000) in paragraph at lines 213--214

 []


Underfull \hbox (badness 10000) in paragraph at lines 220--221

 []

[11 <./conexion_puerto_22222.png>]
Underfull \hbox (badness 10000) in paragraph at lines 222--223

 []

<terminator.png, id=68, 1606.0pt x 879.285pt>
File: terminator.png Graphic file (type png)
 <use terminator.png>
Package pdftex.def Info: terminator.png used on input line 227.
(pdftex.def)             Requested size: 292.7776pt x 160.2904pt.

Underfull \hbox (badness 10000) in paragraph at lines 232--233

 []

<ScreenConexion1.png, id=69, 1305.87875pt x 746.79pt>
File: ScreenConexion1.png Graphic file (type png)

<use ScreenConexion1.png>
Package pdftex.def Info: ScreenConexion1.png used on input line 237.
(pdftex.def)             Requested size: 292.7776pt x 167.42795pt.

Underfull \hbox (badness 10000) in paragraph at lines 234--240

 []

[12 <./terminator.png>]
Underfull \hbox (badness 10000) in paragraph at lines 242--243

 []

<screenSshNormal.png, id=74, 1305.87875pt x 746.79pt>
File: screenSshNormal.png Graphic file (type png)

<use screenSshNormal.png>
Package pdftex.def Info: screenSshNormal.png used on input line 246.
(pdftex.def)             Requested size: 292.7776pt x 167.42795pt.

Underfull \hbox (badness 10000) in paragraph at lines 251--252

 []

<ScreenDetached.png, id=75, 721.69624pt x 461.725pt>
File: ScreenDetached.png Graphic file (type png)
 <use ScreenDetached.png>
Package pdftex.def Info: ScreenDetached.png used on input line 255.
(pdftex.def)             Requested size: 292.7776pt x 187.30759pt.

[13 <./ScreenConexion1.png> <./screenSshNormal.png>]
Underfull \hbox (badness 10000) in paragraph at lines 260--261

 []


Underfull \hbox (badness 10000) in paragraph at lines 262--263

 []

<ScreenVolver.png, id=82, 725.71124pt x 462.72874pt>
File: ScreenVolver.png Graphic file (type png)
 <use ScreenVolver.png>
Package pdftex.def Info: ScreenVolver.png used on input line 266.
(pdftex.def)             Requested size: 292.7776pt x 186.68393pt.

Underfull \hbox (badness 10000) in paragraph at lines 281--282

 []

[14 <./ScreenDetached.png> <./ScreenVolver.png>]
Underfull \hbox (badness 10000) in paragraph at lines 292--293

 []


Underfull \hbox (badness 10000) in paragraph at lines 294--295

 []


Underfull \hbox (badness 10000) in paragraph at lines 296--297

 []


Underfull \hbox (badness 10000) in paragraph at lines 298--299

 []

<Contrasena_mysql.png, id=86, 803.0pt x 603.25375pt>
File: Contrasena_mysql.png Graphic file (type png)

<use Contrasena_mysql.png>
Package pdftex.def Info: Contrasena_mysql.png used on input line 302.
(pdftex.def)             Requested size: 292.7776pt x 219.95107pt.

Underfull \hbox (badness 10000) in paragraph at lines 307--308

 []

[15 <./Contrasena_mysql.png>]
<Acceso_web_UbuntuServer.png, id=90, 1305.87875pt x 746.79pt>
File: Acceso_web_UbuntuServer.png Graphic file (type png)

<use Acceso_web_UbuntuServer.png>
Package pdftex.def Info: Acceso_web_UbuntuServer.png used on input line 311.
(pdftex.def)             Requested size: 292.7776pt x 167.42795pt.

Underfull \hbox (badness 10000) in paragraph at lines 317--318

 []


Underfull \hbox (badness 10000) in paragraph at lines 321--322

 []

<instalar_lamp.png, id=91, 1305.87875pt x 746.79pt>
File: instalar_lamp.png Graphic file (type png)
 <use instalar_lamp.png>
Package pdftex.def Info: instalar_lamp.png used on input line 325.
(pdftex.def)             Requested size: 292.7776pt x 167.42795pt.

Underfull \hbox (badness 10000) in paragraph at lines 330--331

 []

[16 <./Acceso_web_UbuntuServer.png> <./instalar_lamp.png>]
<AccesoWebCentos.png, id=97, 1305.87875pt x 746.79pt>
File: AccesoWebCentos.png Graphic file (type png)

<use AccesoWebCentos.png>
Package pdftex.def Info: AccesoWebCentos.png used on input line 334.
(pdftex.def)             Requested size: 292.7776pt x 167.42795pt.

Underfull \hbox (badness 10000) in paragraph at lines 341--342

 []


Underfull \hbox (badness 10000) in paragraph at lines 343--344

 []


Underfull \hbox (badness 10000) in paragraph at lines 345--346

 []


Underfull \hbox (badness 10000) in paragraph at lines 347--348

 []


Underfull \hbox (badness 10000) in paragraph at lines 349--350

 []


Underfull \hbox (badness 10000) in paragraph at lines 351--352

 []


Underfull \hbox (badness 10000) in paragraph at lines 353--354

 []


Underfull \hbox (badness 10000) in paragraph at lines 356--358

 []

[17 <./AccesoWebCentos.png>]
LaTeX Font Info:    Try loading font information for OMS+cmr on input line 361.


(/usr/share/texlive/texmf-dist/tex/latex/base/omscmr.fd
File: omscmr.fd 1999/05/25 v2.5h Standard LaTeX font definitions
)
LaTeX Font Info:    Font shape `OMS/cmr/m/n' in size <10.95> not available
(Font)              Font shape `OMS/cmsy/m/n' tried instead on input line 361.

Underfull \hbox (badness 10000) in paragraph at lines 372--373

 []


Underfull \hbox (badness 10000) in paragraph at lines 374--375

 []

<WSAdministradorPanel.png, id=102, 1606.0pt x 879.285pt>
File: WSAdministradorPanel.png Graphic file (type png)

<use WSAdministradorPanel.png>
Package pdftex.def Info: WSAdministradorPanel.png used on input line 378.
(pdftex.def)             Requested size: 292.7776pt x 160.2904pt.

Underfull \hbox (badness 10000) in paragraph at lines 383--384

 []

<AgregarRoles.png, id=103, 1606.0pt x 879.285pt>
File: AgregarRoles.png Graphic file (type png)
 <use AgregarRoles.png>
Package pdftex.def Info: AgregarRoles.png used on input line 387.
(pdftex.def)             Requested size: 292.7776pt x 160.2904pt.

[18 <./WSAdministradorPanel.png>]
Underfull \hbox (badness 10000) in paragraph at lines 392--393

 []

<SeleccionRoles.png, id=109, 1606.0pt x 879.285pt>
File: SeleccionRoles.png Graphic file (type png)
 <use SeleccionRoles.png>
Package pdftex.def Info: SeleccionRoles.png used on input line 396.
(pdftex.def)             Requested size: 292.7776pt x 160.2904pt.

Underfull \hbox (badness 10000) in paragraph at lines 401--402

 []

<ServiciosDeRol.png, id=110, 1606.0pt x 879.285pt>
File: ServiciosDeRol.png Graphic file (type png)
 <use ServiciosDeRol.png>
Package pdftex.def Info: ServiciosDeRol.png used on input line 405.
(pdftex.def)             Requested size: 292.7776pt x 160.2904pt.

[19 <./AgregarRoles.png> <./SeleccionRoles.png>]
Underfull \hbox (badness 10000) in paragraph at lines 410--411

 []

<FTPWS.png, id=117, 1606.0pt x 879.285pt>
File: FTPWS.png Graphic file (type png)
 <use FTPWS.png>
Package pdftex.def Info: FTPWS.png used on input line 414.
(pdftex.def)             Requested size: 292.7776pt x 160.2904pt.

Underfull \hbox (badness 10000) in paragraph at lines 419--420

 []

<ConfirmacionInstalacionWS.png, id=118, 1606.0pt x 879.285pt>
File: ConfirmacionInstalacionWS.png Graphic file (type png)

<use ConfirmacionInstalacionWS.png>
Package pdftex.def Info: ConfirmacionInstalacionWS.png used on input line 423.
(pdftex.def)             Requested size: 292.7776pt x 160.2904pt.
 [20 <./ServiciosDeRol.png> <./FTPWS.png>]
Underfull \hbox (badness 10000) in paragraph at lines 428--429

 []

<WindowsWebPage.png, id=124, 1305.87875pt x 746.79pt>
File: WindowsWebPage.png Graphic file (type png)
 <use WindowsWebPage.png>
Package pdftex.def Info: WindowsWebPage.png used on input line 432.
(pdftex.def)             Requested size: 292.7776pt x 167.42795pt.

Underfull \hbox (badness 10000) in paragraph at lines 437--438

 []


Underfull \hbox (badness 10000) in paragraph at lines 440--441

 []


Underfull \hbox (badness 10000) in paragraph at lines 442--443

 []

<AnadirCuentaUsuarioWS.png, id=125, 1606.0pt x 879.285pt>
File: AnadirCuentaUsuarioWS.png Graphic file (type png)

<use AnadirCuentaUsuarioWS.png>
Package pdftex.def Info: AnadirCuentaUsuarioWS.png used on input line 446.
(pdftex.def)             Requested size: 292.7776pt x 160.2904pt.
 [21 <./ConfirmacionInstalacionWS.png> <./WindowsWebPage.png>]
Underfull \hbox (badness 10000) in paragraph at lines 451--452

 []


Underfull \hbox (badness 10000) in paragraph at lines 453--454

 []

<AgregarSitioFTP.png, id=131, 1606.0pt x 879.285pt>
File: AgregarSitioFTP.png Graphic file (type png)
 <use AgregarSitioFTP.png>
Package pdftex.def Info: AgregarSitioFTP.png used on input line 457.
(pdftex.def)             Requested size: 292.7776pt x 160.2904pt.

Underfull \hbox (badness 10000) in paragraph at lines 462--463

 []

<WindowsServerDirectorioFtp.png, id=132, 1305.87875pt x 746.79pt>
File: WindowsServerDirectorioFtp.png Graphic file (type png)

<use WindowsServerDirectorioFtp.png>
Package pdftex.def Info: WindowsServerDirectorioFtp.png used on input line 466.

(pdftex.def)             Requested size: 292.7776pt x 167.42795pt.
 [22 <./AnadirCuentaUsuarioWS.png> <./AgregarSitioFTP.png>]
Underfull \hbox (badness 10000) in paragraph at lines 471--472

 []

<ConfiguracionSSL.png, id=138, 1606.0pt x 879.285pt>
File: ConfiguracionSSL.png Graphic file (type png)

<use ConfiguracionSSL.png>
Package pdftex.def Info: ConfiguracionSSL.png used on input line 475.
(pdftex.def)             Requested size: 292.7776pt x 160.2904pt.

Underfull \hbox (badness 10000) in paragraph at lines 480--481

 []

<PermisosFTP.png, id=139, 1606.0pt x 879.285pt>
File: PermisosFTP.png Graphic file (type png)
 <use PermisosFTP.png>
Package pdftex.def Info: PermisosFTP.png used on input line 484.
(pdftex.def)             Requested size: 292.7776pt x 160.2904pt.
 [23 <./WindowsServerDirectorioFtp.png> <./ConfiguracionSSL.png>]
Underfull \hbox (badness 10000) in paragraph at lines 489--490

 []

<ConfiguracionSitiosFinal.png, id=145, 1606.0pt x 879.285pt>
File: ConfiguracionSitiosFinal.png Graphic file (type png)

<use ConfiguracionSitiosFinal.png>
Package pdftex.def Info: ConfiguracionSitiosFinal.png used on input line 493.
(pdftex.def)             Requested size: 292.7776pt x 160.2904pt.

Underfull \hbox (badness 10000) in paragraph at lines 498--499

 []


Underfull \hbox (badness 10000) in paragraph at lines 500--501

 []

<TipoReglaPuerto.png, id=146, 1606.0pt x 879.285pt>
File: TipoReglaPuerto.png Graphic file (type png)
 <use TipoReglaPuerto.png>
Package pdftex.def Info: TipoReglaPuerto.png used on input line 504.
(pdftex.def)             Requested size: 292.7776pt x 160.2904pt.

[24 <./PermisosFTP.png> <./ConfiguracionSitiosFinal.png>]
<Puerto21.png, id=152, 1606.0pt x 879.285pt>
File: Puerto21.png Graphic file (type png)
 <use Puerto21.png>
Package pdftex.def Info: Puerto21.png used on input line 511.
(pdftex.def)             Requested size: 292.7776pt x 160.2904pt.

<PermitirConexionFTP.png, id=153, 1606.0pt x 879.285pt>
File: PermitirConexionFTP.png Graphic file (type png)

<use PermitirConexionFTP.png>
Package pdftex.def Info: PermitirConexionFTP.png used on input line 518.
(pdftex.def)             Requested size: 292.7776pt x 160.2904pt.
 [25 <./TipoReglaPuerto.png> <./Puerto21.png>]
Underfull \hbox (badness 10000) in paragraph at lines 523--524

 []


Underfull \hbox (badness 10000) in paragraph at lines 534--535

 []


Underfull \hbox (badness 10000) in paragraph at lines 538--539

 []


Underfull \hbox (badness 10000) in paragraph at lines 540--542

 []


Underfull \hbox (badness 10000) in paragraph at lines 543--546

 []

[26 <./PermitirConexionFTP.png>]
Underfull \hbox (badness 10000) in paragraph at lines 547--549

 []


Underfull \hbox (badness 10000) in paragraph at lines 550--552

 []


Underfull \hbox (badness 10000) in paragraph at lines 553--556

 []


Underfull \hbox (badness 10000) in paragraph at lines 562--563

 []


LaTeX Warning: Citation `webadminInstalation' on page 27 undefined on input lin
e 564.


Underfull \hbox (badness 10000) in paragraph at lines 564--565

 []


Underfull \hbox (badness 10000) in paragraph at lines 566--567

 []


Underfull \hbox (badness 10000) in paragraph at lines 568--569

 []

<AnadirRepo.png, id=164, 723.70375pt x 463.7325pt>
File: AnadirRepo.png Graphic file (type png)
 <use AnadirRepo.png>
Package pdftex.def Info: AnadirRepo.png used on input line 572.
(pdftex.def)             Requested size: 292.7776pt x 187.60542pt.

[27]
Underfull \hbox (badness 10000) in paragraph at lines 577--578

 []


Underfull \hbox (badness 10000) in paragraph at lines 579--582

 []

<AnadirClave.png, id=168, 718.685pt x 461.725pt>
File: AnadirClave.png Graphic file (type png)
 <use AnadirClave.png>
Package pdftex.def Info: AnadirClave.png used on input line 585.
(pdftex.def)             Requested size: 292.7776pt x 188.10371pt.

Underfull \hbox (badness 10000) in paragraph at lines 591--592

 []

<WebminInstalled.png, id=169, 724.7075pt x 426.59375pt>
File: WebminInstalled.png Graphic file (type png)

<use WebminInstalled.png>
Package pdftex.def Info: WebminInstalled.png used on input line 595.
(pdftex.def)             Requested size: 292.7776pt x 172.3399pt.
 [28 <./AnadirRepo.png> <./AnadirClave.png>]
Underfull \hbox (badness 10000) in paragraph at lines 600--601

 []

<WebminAccesible.png, id=173, 1606.0pt x 879.285pt>
File: WebminAccesible.png Graphic file (type png)
 <use WebminAccesible.png>
Package pdftex.def Info: WebminAccesible.png used on input line 604.
(pdftex.def)             Requested size: 292.7776pt x 160.2904pt.

Underfull \hbox (badness 10000) in paragraph at lines 609--610

 []

<WebminApacheGlobalConf.png, id=174, 1606.0pt x 879.285pt>
File: WebminApacheGlobalConf.png Graphic file (type png)

<use WebminApacheGlobalConf.png>
Package pdftex.def Info: WebminApacheGlobalConf.png used on input line 613.
(pdftex.def)             Requested size: 292.7776pt x 160.2904pt.
 [29 <./WebminInstalled.png> <./WebminAccesible.png>]
Underfull \hbox (badness 10000) in paragraph at lines 618--619

 []

<WebminPuertoCambiado.png, id=179, 1606.0pt x 879.285pt>
File: WebminPuertoCambiado.png Graphic file (type png)

<use WebminPuertoCambiado.png>
Package pdftex.def Info: WebminPuertoCambiado.png used on input line 622.
(pdftex.def)             Requested size: 292.7776pt x 160.2904pt.

Underfull \hbox (badness 10000) in paragraph at lines 627--628

 []

<WebminPuerto8080.png, id=180, 1606.0pt x 879.285pt>
File: WebminPuerto8080.png Graphic file (type png)

<use WebminPuerto8080.png>
Package pdftex.def Info: WebminPuerto8080.png used on input line 631.
(pdftex.def)             Requested size: 292.7776pt x 160.2904pt.
 [30 <./WebminApacheGlobalConf.png> <./WebminPuertoCambiado.png>]
Underfull \hbox (badness 10000) in paragraph at lines 636--637

 []


Underfull \hbox (badness 10000) in paragraph at lines 638--639

 []


Underfull \hbox (badness 10000) in paragraph at lines 640--641

 []


Underfull \hbox (badness 10000) in paragraph at lines 642--643

 []


Underfull \hbox (badness 10000) in paragraph at lines 646--647

 []

<phpMyAdminApache2.png, id=186, 722.7pt x 461.725pt>
File: phpMyAdminApache2.png Graphic file (type png)

<use phpMyAdminApache2.png>
Package pdftex.def Info: phpMyAdminApache2.png used on input line 650.
(pdftex.def)             Requested size: 292.7776pt x 187.05396pt.
 [31 <./WebminPuerto8080.png>]
<phpmyadminConfPorDefecto.png, id=192, 723.70375pt x 460.72125pt>
File: phpmyadminConfPorDefecto.png Graphic file (type png)

<use phpmyadminConfPorDefecto.png>
Package pdftex.def Info: phpmyadminConfPorDefecto.png used on input line 657.
(pdftex.def)             Requested size: 292.7776pt x 186.3872pt.

<PhpMyadminContrasenaBaseDatos.png, id=193, 724.7075pt x 465.74pt>
File: PhpMyadminContrasenaBaseDatos.png Graphic file (type png)

<use PhpMyadminContrasenaBaseDatos.png>
Package pdftex.def Info: PhpMyadminContrasenaBaseDatos.png used on input line 6
64.
(pdftex.def)             Requested size: 292.7776pt x 188.15463pt.
 [32 <./phpMyAdminApache2.png> <./phpmyadminConfPorDefecto.png>]
<PhpmyadminContrasena2.png, id=197, 725.71124pt x 468.75125pt>
File: PhpmyadminContrasena2.png Graphic file (type png)

<use PhpmyadminContrasena2.png>
Package pdftex.def Info: PhpmyadminContrasena2.png used on input line 671.
(pdftex.def)             Requested size: 292.7776pt x 189.11365pt.

Underfull \hbox (badness 10000) in paragraph at lines 676--677

 []

<PHPMyadminpantallaInicio.png, id=198, 1606.0pt x 879.285pt>
File: PHPMyadminpantallaInicio.png Graphic file (type png)

<use PHPMyadminpantallaInicio.png>
Package pdftex.def Info: PHPMyadminpantallaInicio.png used on input line 680.
(pdftex.def)             Requested size: 292.7776pt x 160.2904pt.
 [33 <./PhpMyadminContrasenaBaseDatos.png> <./PhpmyadminContrasena2.png>]
Underfull \hbox (badness 10000) in paragraph at lines 685--686

 []

<PHpmyadminInicio.png, id=202, 1606.0pt x 879.285pt>
File: PHpmyadminInicio.png Graphic file (type png)

<use PHpmyadminInicio.png>
Package pdftex.def Info: PHpmyadminInicio.png used on input line 689.
(pdftex.def)             Requested size: 292.7776pt x 160.2904pt.

Underfull \hbox (badness 10000) in paragraph at lines 694--695

 []

<PHPMyadminDataBases.png, id=203, 1606.0pt x 879.285pt>
File: PHPMyadminDataBases.png Graphic file (type png)

<use PHPMyadminDataBases.png>
Package pdftex.def Info: PHPMyadminDataBases.png used on input line 698.
(pdftex.def)             Requested size: 292.7776pt x 160.2904pt.
 [34 <./PHPMyadminpantallaInicio.png> <./PHpmyadminInicio.png>]
Underfull \hbox (badness 10000) in paragraph at lines 703--704

 []


Underfull \hbox (badness 10000) in paragraph at lines 705--706

 []

<phpPostMaxSize.png, id=209, 724.7075pt x 462.72874pt>
File: phpPostMaxSize.png Graphic file (type png)

<use phpPostMaxSize.png>
Package pdftex.def Info: phpPostMaxSize.png used on input line 711.
(pdftex.def)             Requested size: 292.7776pt x 186.93811pt.
 [35 <./PHPMyadminDataBases.png>]
Underfull \hbox (badness 10000) in paragraph at lines 722--723

 []


Underfull \hbox (badness 10000) in paragraph at lines 724--725

 []

<directadminWeb.png, id=214, 1606.0pt x 879.285pt>
File: directadminWeb.png Graphic file (type png)
 <use directadminWeb.png>
Package pdftex.def Info: directadminWeb.png used on input line 728.
(pdftex.def)             Requested size: 292.7776pt x 160.2904pt.

[36 <./phpPostMaxSize.png>]
Underfull \hbox (badness 10000) in paragraph at lines 733--734

 []

<DirectAdminTryDemo.png, id=218, 1606.0pt x 879.285pt>
File: DirectAdminTryDemo.png Graphic file (type png)

<use DirectAdminTryDemo.png>
Package pdftex.def Info: DirectAdminTryDemo.png used on input line 737.
(pdftex.def)             Requested size: 292.7776pt x 160.2904pt.

Underfull \hbox (badness 10000) in paragraph at lines 742--743

 []

<DirectAdminStartPage.png, id=219, 1606.0pt x 879.285pt>
File: DirectAdminStartPage.png Graphic file (type png)

<use DirectAdminStartPage.png>
Package pdftex.def Info: DirectAdminStartPage.png used on input line 746.
(pdftex.def)             Requested size: 292.7776pt x 160.2904pt.
 [37 <./directadminWeb.png> <./DirectAdminTryDemo.png>]
Underfull \hbox (badness 10000) in paragraph at lines 751--752

 []

<DirectAdminServiceMonitor.png, id=226, 1606.0pt x 879.285pt>
File: DirectAdminServiceMonitor.png Graphic file (type png)

<use DirectAdminServiceMonitor.png>
Package pdftex.def Info: DirectAdminServiceMonitor.png used on input line 755.
(pdftex.def)             Requested size: 292.7776pt x 160.2904pt.

Underfull \hbox (badness 10000) in paragraph at lines 760--761

 []

<DirectAdminFileEditor.png, id=227, 1606.0pt x 879.285pt>
File: DirectAdminFileEditor.png Graphic file (type png)

<use DirectAdminFileEditor.png>
Package pdftex.def Info: DirectAdminFileEditor.png used on input line 764.
(pdftex.def)             Requested size: 292.7776pt x 160.2904pt.
 [38 <./DirectAdminStartPage.png> <./DirectAdminServiceMonitor.png>]
Underfull \hbox (badness 10000) in paragraph at lines 769--770

 []

<DirectAdminCrearCuentaAdministrador.png, id=233, 787.94376pt x 449.68pt>
File: DirectAdminCrearCuentaAdministrador.png Graphic file (type png)

<use DirectAdminCrearCuentaAdministrador.png>
Package pdftex.def Info: DirectAdminCrearCuentaAdministrador.png used on input 
line 773.
(pdftex.def)             Requested size: 292.7776pt x 167.08572pt.

Underfull \hbox (badness 10000) in paragraph at lines 778--779

 []

<DirectAdminCronJobs.png, id=234, 1606.0pt x 879.285pt>
File: DirectAdminCronJobs.png Graphic file (type png)

<use DirectAdminCronJobs.png>
Package pdftex.def Info: DirectAdminCronJobs.png used on input line 782.
(pdftex.def)             Requested size: 292.7776pt x 160.2904pt.
 [39 <./DirectAdminFileEditor.png> <./DirectAdminCrearCuentaAdministrador.png>]

Underfull \hbox (badness 10000) in paragraph at lines 794--795

 []


Underfull \hbox (badness 10000) in paragraph at lines 796--797

 []

<ejemploFind.png, id=239, 724.7075pt x 463.7325pt>
File: ejemploFind.png Graphic file (type png)
 <use ejemploFind.png>
Package pdftex.def Info: ejemploFind.png used on input line 800.
(pdftex.def)             Requested size: 292.7776pt x 187.34361pt.

<PDFsGuardados.png, id=240, 1305.87875pt x 746.79pt>
File: PDFsGuardados.png Graphic file (type png)
 <use PDFsGuardados.png>
Package pdftex.def Info: PDFsGuardados.png used on input line 807.
(pdftex.def)             Requested size: 292.7776pt x 167.42795pt.

[40 <./DirectAdminCronJobs.png> <./ejemploFind.png>]
Underfull \hbox (badness 10000) in paragraph at lines 812--813

 []

<EjemploGrep.png, id=246, 1606.0pt x 879.285pt>
File: EjemploGrep.png Graphic file (type png)
 <use EjemploGrep.png>
Package pdftex.def Info: EjemploGrep.png used on input line 816.
(pdftex.def)             Requested size: 292.7776pt x 160.2904pt.

Underfull \hbox (badness 10000) in paragraph at lines 821--822

 []


Underfull \hbox (badness 10000) in paragraph at lines 824--827

 []


Underfull \hbox (badness 10000) in paragraph at lines 829--830

 []

[41 <./PDFsGuardados.png> <./EjemploGrep.png>]
<SalidaScript.png, id=252, 726.715pt x 463.7325pt>
File: SalidaScript.png Graphic file (type png)
 <use SalidaScript.png>
Package pdftex.def Info: SalidaScript.png used on input line 833.
(pdftex.def)             Requested size: 292.7776pt x 186.83414pt.

Underfull \hbox (badness 10000) in paragraph at lines 842--843

 []


Underfull \hbox (badness 10000) in paragraph at lines 844--845

 []

<PoweshellGetCommand.png, id=253, 824.07875pt x 572.1375pt>
File: PoweshellGetCommand.png Graphic file (type png)

<use PoweshellGetCommand.png>
Package pdftex.def Info: PoweshellGetCommand.png used on input line 848.
(pdftex.def)             Requested size: 292.7776pt x 203.27173pt.
 [42 <./SalidaScript.png>]
Underfull \hbox (badness 10000) in paragraph at lines 853--854

 []

<PowershellProcesos.png, id=257, 1606.0pt x 879.285pt>
File: PowershellProcesos.png Graphic file (type png)

<use PowershellProcesos.png>
Package pdftex.def Info: PowershellProcesos.png used on input line 857.
(pdftex.def)             Requested size: 292.7776pt x 160.2904pt.

Underfull \hbox (badness 10000) in paragraph at lines 862--863

 []

<Powershellstopprocess.png, id=258, 1606.0pt x 879.285pt>
File: Powershellstopprocess.png Graphic file (type png)

<use Powershellstopprocess.png>
Package pdftex.def Info: Powershellstopprocess.png used on input line 866.
(pdftex.def)             Requested size: 292.7776pt x 160.2904pt.
 [43 <./PoweshellGetCommand.png> <./PowershellProcesos.png>] [44 <./Powershells
topprocess.png>]
Underfull \hbox (badness 10000) in paragraph at lines 906--908
\T1/cmr/m/n/10.95 http://stackoverflow.com/questions/3958615/import-file-size-l
imit-in-
 []

[45] [46] (./MemoriaPractica2.aux
LaTeX Info: Redefining \. on input line 6.
LaTeX Info: Redefining \% on input line 6.
)

LaTeX Warning: There were undefined references.

 ) 
Here is how much of TeX's memory you used:
 5445 strings out of 493304
 79874 string characters out of 6139871
 182402 words of memory out of 5000000
 8729 multiletter control sequences out of 15000+600000
 20739 words of font info for 56 fonts, out of 8000000 for 9000
 957 hyphenation exceptions out of 8191
 46i,11n,47p,842b,406s stack positions out of 5000i,500n,10000p,200000b,80000s
{/usr/share/texmf/fonts/enc/dvips/cm-super/cm-super-t1.enc}</usr/share/texliv
e/texmf-dist/fonts/type1/public/amsfonts/cm/cmmi10.pfb></usr/share/texlive/texm
f-dist/fonts/type1/public/amsfonts/cm/cmmi8.pfb></usr/share/texlive/texmf-dist/
fonts/type1/public/amsfonts/cm/cmr10.pfb></usr/share/texlive/texmf-dist/fonts/t
ype1/public/amsfonts/cm/cmsy10.pfb></usr/share/texmf/fonts/type1/public/cm-supe
r/sfbx1095.pfb></usr/share/texmf/fonts/type1/public/cm-super/sfcc1095.pfb></usr
/share/texmf/fonts/type1/public/cm-super/sfrm1095.pfb></usr/share/texmf/fonts/t
ype1/public/cm-super/sfrm1440.pfb></usr/share/texmf/fonts/type1/public/cm-super
/sfrm2074.pfb></usr/share/texmf/fonts/type1/public/cm-super/sfsx1095.pfb></usr/
share/texmf/fonts/type1/public/cm-super/sfsx1200.pfb></usr/share/texmf/fonts/ty
pe1/public/cm-super/sfsx1440.pfb></usr/share/texmf/fonts/type1/public/cm-super/
sfti1095.pfb>
Output written on MemoriaPractica2.pdf (46 pages, 8013790 bytes).
PDF statistics:
 320 PDF objects out of 1000 (max. 8388607)
 145 compressed objects within 2 object streams
 0 named destinations out of 1000 (max. 500000)
 331 words of extra memory for PDF output out of 10000 (max. 10000000)

